2025-08-26 13:38:03,140 - INFO - ============================================================
2025-08-26 13:38:03,140 - INFO - LuluRayyan Product Categories Spider
2025-08-26 13:38:03,140 - INFO - ============================================================
2025-08-26 13:38:03,460 - INFO - Scrapy version: 2.13.3
2025-08-26 13:38:03,460 - INFO - Selenium version: 4.34.2
2025-08-26 13:38:03,460 - INFO - Data directory already exists: data
2025-08-26 13:38:03,460 - INFO - Starting LuluRayyan spider...
2025-08-26 13:38:03,460 - INFO - Start time: 2025-08-26T13:38:03.460376
2025-08-26 13:38:03,460 - INFO - Running command: scrapy crawl lulurayyan_product_categories
2025-08-26 13:38:04,852 - ERROR - Spider failed with return code: 1
2025-08-26 13:38:04,852 - ERROR - Error output: Unhandled error in Deferred:

Traceback (most recent call last):
  File "C:\Users\Admin\vertexAI\venv\Lib\site-packages\twisted\internet\defer.py", line 1857, in _inlineCallbacks
    result = context.run(gen.send, result)
  File "C:\Users\Admin\vertexAI\venv\Lib\site-packages\scrapy\crawler.py", line 156, in crawl
    self.engine = self._create_engine()
  File "C:\Users\Admin\vertexAI\venv\Lib\site-packages\scrapy\crawler.py", line 169, in _create_engine
    return ExecutionEngine(self, lambda _: self.stop())
  File "C:\Users\Admin\vertexAI\venv\Lib\site-packages\scrapy\core\engine.py", line 114, in __init__
    self.scraper: Scraper = Scraper(crawler)
  File "C:\Users\Admin\vertexAI\venv\Lib\site-packages\scrapy\core\scraper.py", line 107, in __init__
    self.itemproc: ItemPipelineManager = itemproc_cls.from_crawler(crawler)
  File "C:\Users\Admin\vertexAI\venv\Lib\site-packages\scrapy\middleware.py", line 77, in from_crawler
    return cls._from_settings(crawler.settings, crawler)
  File "C:\Users\Admin\vertexAI\venv\Lib\site-packages\scrapy\middleware.py", line 86, in _from_settings
    mwcls = load_object(clspath)
  File "C:\Users\Admin\vertexAI\venv\Lib\site-packages\scrapy\utils\misc.py", line 71, in load_object
    mod = import_module(module)
  File "C:\Users\Admin\anaconda3\Lib\importlib\__init__.py", line 90, in import_module
    return _bootstrap._gcd_import(name[level:], package, level)
  File "<frozen importlib._bootstrap>", line 1387, in _gcd_import
    
  File "<frozen importlib._bootstrap>", line 1360, in _find_and_load
    
  File "<frozen importlib._bootstrap>", line 1310, in _find_and_load_unlocked
    
  File "<frozen importlib._bootstrap>", line 488, in _call_with_frames_removed
    
  File "<frozen importlib._bootstrap>", line 1387, in _gcd_import
    
  File "<frozen importlib._bootstrap>", line 1360, in _find_and_load
    
  File "<frozen importlib._bootstrap>", line 1324, in _find_and_load_unlocked
    
builtins.ModuleNotFoundError: No module named 'makita_scraper'


2025-08-26 13:38:04,852 - ERROR - LuluRayyan scraping failed!
2025-08-26 13:39:14,705 - INFO - ============================================================
2025-08-26 13:39:14,705 - INFO - LuluRayyan Product Categories Spider
2025-08-26 13:39:14,705 - INFO - ============================================================
2025-08-26 13:39:15,021 - INFO - Scrapy version: 2.13.3
2025-08-26 13:39:15,021 - INFO - Selenium version: 4.34.2
2025-08-26 13:39:15,021 - INFO - Data directory already exists: data
2025-08-26 13:39:15,021 - INFO - Starting LuluRayyan spider...
2025-08-26 13:39:15,021 - INFO - Start time: 2025-08-26T13:39:15.021766
2025-08-26 13:39:15,021 - INFO - Running command: scrapy crawl lulurayyan_product_categories
2025-08-26 13:39:18,807 - INFO - LuluRayyan spider completed successfully!
2025-08-26 13:39:18,807 - INFO - Output files should be in the 'data' directory
2025-08-26 13:39:18,807 - INFO - Files in data directory: ['.gitkeep', 'lulurayyan_categories.json', 'lulurayyan_products.json', 'lulurayyan_product_categories.json']
2025-08-26 13:39:18,807 - INFO - LuluRayyan scraping completed successfully!
2025-08-26 13:39:18,807 - INFO - Check the 'data' directory for output files:
2025-08-26 13:39:18,807 - INFO -   - lulurayyan_categories.json (JSON format)
2025-08-26 13:39:18,807 - INFO -   - lulurayyan_categories.txt (Text format)
2025-08-26 13:39:18,816 - INFO -   - lulurayyan_products.json (Products data)
2025-08-26 13:40:50,163 - INFO - ============================================================
2025-08-26 13:40:50,163 - INFO - LuluRayyan Product Categories Spider
2025-08-26 13:40:50,163 - INFO - ============================================================
2025-08-26 13:40:50,998 - INFO - Scrapy version: 2.13.3
2025-08-26 13:40:50,998 - INFO - Selenium version: 4.34.2
2025-08-26 13:40:50,998 - INFO - Data directory already exists: data
2025-08-26 13:40:50,998 - INFO - Starting LuluRayyan spider...
2025-08-26 13:40:50,998 - INFO - Start time: 2025-08-26T13:40:50.998955
2025-08-26 13:40:50,998 - INFO - Running command: scrapy crawl lulurayyan_product_categories
2025-08-26 13:40:56,182 - INFO - LuluRayyan spider completed successfully!
2025-08-26 13:40:56,184 - INFO - Output files should be in the 'data' directory
2025-08-26 13:40:56,185 - INFO - Files in data directory: ['.gitkeep', 'lulurayyan_categories.json', 'lulurayyan_products.json', 'lulurayyan_product_categories.json']
2025-08-26 13:40:56,185 - INFO - [SUCCESS] lulurayyan_categories.json created successfully
2025-08-26 13:40:56,186 - INFO - [SUCCESS] lulurayyan_products.json created successfully
2025-08-26 13:40:56,187 - WARNING - [WARNING] lulurayyan_categories.txt not found
2025-08-26 13:40:56,187 - INFO - LuluRayyan scraping completed successfully!
2025-08-26 13:40:56,187 - INFO - Check the 'data' directory for output files:
2025-08-26 13:40:56,187 - INFO -   - lulurayyan_categories.json (JSON format)
2025-08-26 13:40:56,187 - INFO -   - lulurayyan_categories.txt (Text format)
2025-08-26 13:40:56,187 - INFO -   - lulurayyan_products.json (Products data)
